Using pre-set license
Built from '2022.3/staging' branch; Version is '2022.3.55f1 (9f374180d209) revision 10434369'; Using compiler version '192829333'; Build Type 'Release'
OS: 'Windows 10  (10.0.19045) 64bit Professional' Language: 'en' Physical Memory: 16295 MB
BatchMode: 1, IsHumanControllingUs: 0, StartBugReporterOnCrash: 0, Is64bit: 1, IsPro: 1

COMMAND LINE ARGUMENTS:
C:\Program Files\Unity\Hub\Editor\2022.3.55f1\Editor\Unity.exe
-adb2
-batchMode
-noUpm
-name
AssetImportWorker1
-projectPath
C:/Users/Gaming PC/Game Dev
-logFile
Logs/AssetImportWorker1.log
-srvPort
63502
Successfully changed project path to: C:/Users/Gaming PC/Game Dev
C:/Users/Gaming PC/Game Dev
[UnityMemory] Configuration Parameters - Can be set up in boot.config
    "memorysetup-bucket-allocator-granularity=16"
    "memorysetup-bucket-allocator-bucket-count=8"
    "memorysetup-bucket-allocator-block-size=33554432"
    "memorysetup-bucket-allocator-block-count=8"
    "memorysetup-main-allocator-block-size=16777216"
    "memorysetup-thread-allocator-block-size=16777216"
    "memorysetup-gfx-main-allocator-block-size=16777216"
    "memorysetup-gfx-thread-allocator-block-size=16777216"
    "memorysetup-cache-allocator-block-size=4194304"
    "memorysetup-typetree-allocator-block-size=2097152"
    "memorysetup-profiler-bucket-allocator-granularity=16"
    "memorysetup-profiler-bucket-allocator-bucket-count=8"
    "memorysetup-profiler-bucket-allocator-block-size=33554432"
    "memorysetup-profiler-bucket-allocator-block-count=8"
    "memorysetup-profiler-allocator-block-size=16777216"
    "memorysetup-profiler-editor-allocator-block-size=1048576"
    "memorysetup-temp-allocator-size-main=16777216"
    "memorysetup-job-temp-allocator-block-size=2097152"
    "memorysetup-job-temp-allocator-block-size-background=1048576"
    "memorysetup-job-temp-allocator-reduction-small-platforms=262144"
    "memorysetup-allocator-temp-initial-block-size-main=262144"
    "memorysetup-allocator-temp-initial-block-size-worker=262144"
    "memorysetup-temp-allocator-size-background-worker=32768"
    "memorysetup-temp-allocator-size-job-worker=262144"
    "memorysetup-temp-allocator-size-preload-manager=33554432"
    "memorysetup-temp-allocator-size-nav-mesh-worker=65536"
    "memorysetup-temp-allocator-size-audio-worker=65536"
    "memorysetup-temp-allocator-size-cloud-worker=32768"
    "memorysetup-temp-allocator-size-gi-baking-worker=262144"
    "memorysetup-temp-allocator-size-gfx=262144"
Player connection [37464]  Target information:

Player connection [37464]  * "[IP] 192.168.0.120 [Port] 0 [Flags] 2 [Guid] 3931842348 [EditorId] 3931842348 [Version] 1048832 [Id] WindowsEditor(7,DESKTOP-KKAU6M3) [Debug] 1 [PackageName] WindowsEditor [ProjectName] Editor" 

Player connection [37464] Host joined multi-casting on [225.0.0.222:54997]...
Player connection [37464] Host joined alternative multi-casting on [225.0.0.222:34997]...
[PhysX] Initialized MultithreadedTaskDispatcher with 16 workers.
Refreshing native plugins compatible for Editor in 11.08 ms, found 3 plugins.
Preloading 0 native plugins for Editor in 0.00 ms.
Initialize engine version: 2022.3.55f1 (9f374180d209)
[Subsystems] Discovering subsystems at path C:/Program Files/Unity/Hub/Editor/2022.3.55f1/Editor/Data/Resources/UnitySubsystems
[Subsystems] Discovering subsystems at path C:/Users/Gaming PC/Game Dev/Assets
GfxDevice: creating device client; threaded=0; jobified=0
Direct3D:
    Version:  Direct3D 11.0 [level 11.1]
    Renderer: NVIDIA GeForce GTX 1070 (ID=0x1b81)
    Vendor:   NVIDIA
    VRAM:     8067 MB
    Driver:   32.0.15.6636
Initialize mono
Mono path[0] = 'C:/Program Files/Unity/Hub/Editor/2022.3.55f1/Editor/Data/Managed'
Mono path[1] = 'C:/Program Files/Unity/Hub/Editor/2022.3.55f1/Editor/Data/MonoBleedingEdge/lib/mono/unityjit-win32'
Mono config path = 'C:/Program Files/Unity/Hub/Editor/2022.3.55f1/Editor/Data/MonoBleedingEdge/etc'
Using monoOptions --debugger-agent=transport=dt_socket,embedding=1,server=y,suspend=n,address=127.0.0.1:56308
Begin MonoManager ReloadAssembly
Registering precompiled unity dll's ...
Register platform support module: C:/Program Files/Unity/Hub/Editor/2022.3.55f1/Editor/Data/PlaybackEngines/WindowsStandaloneSupport/UnityEditor.WindowsStandalone.Extensions.dll
Registered in 0.012160 seconds.
- Loaded All Assemblies, in  0.383 seconds
Native extension for WindowsStandalone target not found
Mono: successfully reloaded assembly
- Finished resetting the current domain, in  0.253 seconds
Domain Reload Profiling: 634ms
	BeginReloadAssembly (130ms)
		ExecutionOrderSort (0ms)
		DisableScriptedObjects (0ms)
		BackupInstance (0ms)
		ReleaseScriptingObjects (0ms)
		CreateAndSetChildDomain (1ms)
	RebuildCommonClasses (36ms)
	RebuildNativeTypeToScriptingClass (11ms)
	initialDomainReloadingComplete (66ms)
	LoadAllAssembliesAndSetupDomain (138ms)
		LoadAssemblies (127ms)
		RebuildTransferFunctionScriptingTraits (0ms)
		AnalyzeDomain (136ms)
			TypeCache.Refresh (134ms)
				TypeCache.ScanAssembly (122ms)
			ScanForSourceGeneratedMonoScriptInfo (0ms)
			ResolveRequiredComponents (0ms)
	FinalizeReload (254ms)
		ReleaseScriptCaches (0ms)
		RebuildScriptCaches (0ms)
		SetupLoadedEditorAssemblies (210ms)
			LogAssemblyErrors (0ms)
			InitializePlatformSupportModulesInManaged (11ms)
			SetLoadedEditorAssemblies (7ms)
			RefreshPlugins (0ms)
			BeforeProcessingInitializeOnLoad (2ms)
			ProcessInitializeOnLoadAttributes (144ms)
			ProcessInitializeOnLoadMethodAttributes (46ms)
			AfterProcessingInitializeOnLoad (0ms)
			EditorAssembliesLoaded (0ms)
		ExecutionOrderSort2 (0ms)
		AwakeInstancesAfterBackupRestoration (0ms)
========================================================================
Worker process is ready to serve import requests
Caller must complete domain reload
Begin MonoManager ReloadAssembly
- Loaded All Assemblies, in  0.646 seconds
Native extension for WindowsStandalone target not found
Mono: successfully reloaded assembly
- Finished resetting the current domain, in  0.533 seconds
Domain Reload Profiling: 1176ms
	BeginReloadAssembly (156ms)
		ExecutionOrderSort (0ms)
		DisableScriptedObjects (5ms)
		BackupInstance (0ms)
		ReleaseScriptingObjects (0ms)
		CreateAndSetChildDomain (21ms)
	RebuildCommonClasses (42ms)
	RebuildNativeTypeToScriptingClass (12ms)
	initialDomainReloadingComplete (50ms)
	LoadAllAssembliesAndSetupDomain (383ms)
		LoadAssemblies (314ms)
		RebuildTransferFunctionScriptingTraits (0ms)
		AnalyzeDomain (165ms)
			TypeCache.Refresh (143ms)
				TypeCache.ScanAssembly (130ms)
			ScanForSourceGeneratedMonoScriptInfo (15ms)
			ResolveRequiredComponents (4ms)
	FinalizeReload (533ms)
		ReleaseScriptCaches (0ms)
		RebuildScriptCaches (0ms)
		SetupLoadedEditorAssemblies (393ms)
			LogAssemblyErrors (0ms)
			InitializePlatformSupportModulesInManaged (7ms)
			SetLoadedEditorAssemblies (3ms)
			RefreshPlugins (0ms)
			BeforeProcessingInitializeOnLoad (64ms)
			ProcessInitializeOnLoadAttributes (286ms)
			ProcessInitializeOnLoadMethodAttributes (20ms)
			AfterProcessingInitializeOnLoad (12ms)
			EditorAssembliesLoaded (0ms)
		ExecutionOrderSort2 (0ms)
		AwakeInstancesAfterBackupRestoration (8ms)
Launched and connected shader compiler UnityShaderCompiler.exe after 0.05 seconds
Refreshing native plugins compatible for Editor in 5.08 ms, found 3 plugins.
Preloading 0 native plugins for Editor in 0.00 ms.
Unloading 3127 Unused Serialized files (Serialized files now loaded: 0)
Unloading 19 unused Assets / (55.0 KB). Loaded Objects now: 3616.
Memory consumption went from 130.4 MB to 130.3 MB.
Total: 4.334800 ms (FindLiveObjects: 0.540400 ms CreateObjectMapping: 0.167400 ms MarkObjects: 3.455500 ms  DeleteObjects: 0.170000 ms)

AssetImportParameters requested are different than current active one (requested -> active):
  custom:container-demuxer-ogg: 62fdf1f143b41e24485cea50d1cbac27 -> 
  custom:video-decoder-ogg-theora: a1e56fd34408186e4bbccfd4996cb3dc -> 
  custom:framework-win-MediaFoundation: 216162199b28c13a410421893ffa2e32 -> 
  custom:CustomObjectIndexerAttribute: 9a22284fe3817be447336de3de66b15e -> 
  custom:container-demuxer-webm: 4f35f7cbe854078d1ac9338744f61a02 -> 
  custom:container-muxer-webm: aa71ff27fc2769a1b78a27578f13a17b -> 
  custom:video-decoder-webm-vp8: 9c59270c3fd7afecdb556c50c9e8de78 -> 
  custom:SearchIndexIgnoredProperties: e643bd26f0fe6173181afceb89e7c659 -> 
  custom:AudioImporter_EditorPlatform: d09bf68614088b80899f8185d706f6e7 -> 
  custom:video-encoder-webm-vp8: eb34c28f22e8b96e1ab97ce403110664 -> 
  custom:audio-decoder-ogg-vorbis: bf7c407c2cedff20999df2af8eb42d56 -> 
  custom:audio-encoder-webm-vorbis: bf7c407c2cedff20999df2af8eb42d56 -> 
========================================================================
Received Import Request.
  Time since last request: 505317.475807 seconds.
  path: Assets/Wave.cs
  artifactKey: Guid(6c8169b6a3db93648b7a0b73034b8ded) Importer(815301076,1909f56bfc062723c751e8b465ee728b)
Start importing Assets/Wave.cs using Guid(6c8169b6a3db93648b7a0b73034b8ded) Importer(815301076,1909f56bfc062723c751e8b465ee728b) [PhysX] Initialized MultithreadedTaskDispatcher with 16 workers.
 -> (artifact id: '1d37790b2a87dfd9f84528c8b43871ad') in 0.003152 seconds
Number of updated asset objects reloaded before import = 0
Number of asset objects unloaded after import = 0
========================================================================
Received Prepare
Caller must complete domain reload
Begin MonoManager ReloadAssembly
- Loaded All Assemblies, in  1.966 seconds
Native extension for WindowsStandalone target not found
Mono: successfully reloaded assembly
- Finished resetting the current domain, in 13.085 seconds
Domain Reload Profiling: 15048ms
	BeginReloadAssembly (319ms)
		ExecutionOrderSort (0ms)
		DisableScriptedObjects (14ms)
		BackupInstance (0ms)
		ReleaseScriptingObjects (0ms)
		CreateAndSetChildDomain (116ms)
	RebuildCommonClasses (34ms)
	RebuildNativeTypeToScriptingClass (11ms)
	initialDomainReloadingComplete (45ms)
	LoadAllAssembliesAndSetupDomain (1553ms)
		LoadAssemblies (1634ms)
		RebuildTransferFunctionScriptingTraits (0ms)
		AnalyzeDomain (35ms)
			TypeCache.Refresh (17ms)
				TypeCache.ScanAssembly (1ms)
			ScanForSourceGeneratedMonoScriptInfo (9ms)
			ResolveRequiredComponents (8ms)
	FinalizeReload (13086ms)
		ReleaseScriptCaches (0ms)
		RebuildScriptCaches (0ms)
		SetupLoadedEditorAssemblies (380ms)
			LogAssemblyErrors (0ms)
			InitializePlatformSupportModulesInManaged (8ms)
			SetLoadedEditorAssemblies (5ms)
			RefreshPlugins (0ms)
			BeforeProcessingInitializeOnLoad (67ms)
			ProcessInitializeOnLoadAttributes (269ms)
			ProcessInitializeOnLoadMethodAttributes (21ms)
			AfterProcessingInitializeOnLoad (10ms)
			EditorAssembliesLoaded (0ms)
		ExecutionOrderSort2 (0ms)
		AwakeInstancesAfterBackupRestoration (9ms)
Refreshing native plugins compatible for Editor in 4.94 ms, found 3 plugins.
Preloading 0 native plugins for Editor in 0.00 ms.
Unloading 3145 Unused Serialized files (Serialized files now loaded: 0)
Unloading 14 unused Assets / (28.5 KB). Loaded Objects now: 3646.
Memory consumption went from 129.6 MB to 129.6 MB.
Total: 3.039900 ms (FindLiveObjects: 0.307600 ms CreateObjectMapping: 0.090400 ms MarkObjects: 2.583200 ms  DeleteObjects: 0.057500 ms)

Prepare: number of updated asset objects reloaded= 0
AssetImportParameters requested are different than current active one (requested -> active):
  custom:scripting/monoscript/fileName/SuperCharacterController.cs: 04f8cc104805c54464bb5cfead6afeb9 -> 
  custom:container-demuxer-ogg: 62fdf1f143b41e24485cea50d1cbac27 -> 
  custom:scripting/monoscript/fileName/WarriorMovementController.cs: d3a8670ac6be966ec584e6469a9a88b4 -> 
  custom:video-decoder-ogg-theora: a1e56fd34408186e4bbccfd4996cb3dc -> 
  custom:scripting/monoscript/fileName/SuperCollider.cs: 99910f23e5fc6aa7cb8573052d1f7ac2 -> 
  custom:framework-win-MediaFoundation: 216162199b28c13a410421893ffa2e32 -> 
  custom:scripting/monoscript/fileName/PlayerCamera.cs: b178b271084040bd12f005109094346b -> 
  custom:scripting/monoscript/fileName/BSPTree.cs: 1bae6001f694de2f5bc94cbd9e2a5409 -> 
  custom:CustomObjectIndexerAttribute: 9a22284fe3817be447336de3de66b15e -> 
  custom:container-demuxer-webm: 4f35f7cbe854078d1ac9338744f61a02 -> 
  custom:scripting/monoscript/fileName/SuperMath.cs: 6f17478ba9a5bad6ed134557c2fdee93 -> 
  custom:scripting/monoscript/fileName/IKHands.cs: 47c378459a4fe56c3b829b0f1624be63 -> 
  custom:scripting/monoscript/fileName/SuperCollisionType.cs: fd7cfc42910077f94e90621986d7763c -> 
  custom:scripting/monoscript/fileName/WarriorInputController.cs: ce754e083c6c656c42f2bc1a4cf3a01c -> 
  custom:scripting/monoscript/fileName/SuperStateMachine.cs: 8232af25ee187bdf8f5018c5dd028a4e -> 
  custom:scripting/monoscript/fileName/PlayerInputController.cs: 9ae1a72a6f181b16d6429950f7ee98c4 -> 
  custom:scripting/monoscript/fileName/GUIControls.cs: 3bf828ee1f1c6bbed885e181a5bb8158 -> 
  custom:scripting/monoscript/fileName/Math3d.cs: 816ad95c73e4c3d25076a82af67658a1 -> 
  custom:container-muxer-webm: aa71ff27fc2769a1b78a27578f13a17b -> 
  custom:scripting/monoscript/fileName/PlayerMachine.cs: 038ad5037ea9a493e9e5c17d24cc2e2d -> 
  custom:scripting/monoscript/fileName/WarriorTiming.cs: 9baecafd85816423850197c70f79a309 -> 
  custom:video-decoder-webm-vp8: 9c59270c3fd7afecdb556c50c9e8de78 -> 
  custom:SearchIndexIgnoredProperties: e643bd26f0fe6173181afceb89e7c659 -> 
  custom:AudioImporter_EditorPlatform: d09bf68614088b80899f8185d706f6e7 -> 
  custom:scripting/monoscript/fileName/SetupInputLayers.cs: 389979534e379616ab9ca67b9498efac -> 
  custom:scripting/monoscript/fileName/WarriorAnimatorEvents.cs: 4f1302b5fd81c83ae584006be9dfe610 -> 
  custom:scripting/monoscript/fileName/DebugDraw.cs: 3a58a8dfbcd33809a50925ddcfb20b7d -> 
  custom:scripting/monoscript/fileName/CameraController.cs: 9afc567523072d385e7e839f14f42a40 -> 
  custom:scripting/monoscript/fileName/SimpleStateMachine.cs: 3194d9edd59c29e6434b5869f1ce3a54 -> 
  custom:video-encoder-webm-vp8: eb34c28f22e8b96e1ab97ce403110664 -> 
  custom:scripting/monoscript/fileName/AnimatorParentMove.cs: 1f353689a3895ba8ff7c06b38920b0fd -> 
  custom:audio-decoder-ogg-vorbis: bf7c407c2cedff20999df2af8eb42d56 -> 
  custom:scripting/monoscript/fileName/BruteForceMesh.cs: c25a140f80aa18d19f2e4e28e5fc37c5 -> 
  custom:scripting/monoscript/fileName/PlayerMachineDebug.cs: aaae341fc7774b17addcf81fd1992cd9 -> 
  custom:scripting/monoscript/fileName/WarriorInputSystemController.cs: af5563b636106156dd5ee84b8d954144 -> 
  custom:scripting/monoscript/fileName/Gravity.cs: c53d682c0ba4f81e5f85146f4c20e65e -> 
  custom:audio-encoder-webm-vorbis: bf7c407c2cedff20999df2af8eb42d56 -> 
  custom:scripting/precompiled-assembly-types:Assembly-CSharp-Editor: 3aa44cff06adabd12f71d464b0798f02 -> 
  custom:scripting/monoscript/fileName/WarriorController.cs: 73f7aaad6854ff23f29bb85d3f331c96 -> 
  custom:scripting/precompiled-assembly-types:Assembly-CSharp: 5375a50d7f5f981d4e42529176d384fc -> caa4647056bb0ddb34a64ea74e5e682f
========================================================================
Received Import Request.
  Time since last request: 1646.422068 seconds.
  path: Assets/ExplosiveLLC/Warrior FREE/Physic Material
  artifactKey: Guid(153ec3286d138c04a8e43e25b63bbaf5) Importer(815301076,1909f56bfc062723c751e8b465ee728b)
Start importing Assets/ExplosiveLLC/Warrior FREE/Physic Material using Guid(153ec3286d138c04a8e43e25b63bbaf5) Importer(815301076,1909f56bfc062723c751e8b465ee728b) [PhysX] Initialized MultithreadedTaskDispatcher with 16 workers.
 -> (artifact id: '90d66b2436896873ff51d59f2c82b264') in 0.010623 seconds
Number of updated asset objects reloaded before import = 0
Number of asset objects unloaded after import = 0
========================================================================
Received Import Request.
  Time since last request: 0.000024 seconds.
  path: Assets/ExplosiveLLC
  artifactKey: Guid(eae187fc1b8a72f4580fa062d7d51b1e) Importer(815301076,1909f56bfc062723c751e8b465ee728b)
Start importing Assets/ExplosiveLLC using Guid(eae187fc1b8a72f4580fa062d7d51b1e) Importer(815301076,1909f56bfc062723c751e8b465ee728b) [PhysX] Initialized MultithreadedTaskDispatcher with 16 workers.
 -> (artifact id: '99ed4ea90269dbc5d62974bcb4b22a8a') in 0.000646 seconds
Number of updated asset objects reloaded before import = 0
Number of asset objects unloaded after import = 0
========================================================================
Received Import Request.
  Time since last request: 0.000013 seconds.
  path: Assets/ExplosiveLLC/Warrior FREE/Physic Material/Warrior.physicMaterial
  artifactKey: Guid(4d20c62a46f4d9b48ae8bc125f9b550f) Importer(815301076,1909f56bfc062723c751e8b465ee728b)
Start importing Assets/ExplosiveLLC/Warrior FREE/Physic Material/Warrior.physicMaterial using Guid(4d20c62a46f4d9b48ae8bc125f9b550f) Importer(815301076,1909f56bfc062723c751e8b465ee728b) [PhysX] Initialized MultithreadedTaskDispatcher with 16 workers.
 -> (artifact id: '88d5d0834bdd5ad565300d95a246e483') in 0.014770 seconds
Number of updated asset objects reloaded before import = 0
Number of asset objects unloaded after import = 1
========================================================================
Received Prepare
Caller must complete domain reload
Begin MonoManager ReloadAssembly
- Loaded All Assemblies, in  0.435 seconds
Native extension for WindowsStandalone target not found
Mono: successfully reloaded assembly
- Finished resetting the current domain, in  0.955 seconds
Domain Reload Profiling: 1387ms
	BeginReloadAssembly (146ms)
		ExecutionOrderSort (0ms)
		DisableScriptedObjects (5ms)
		BackupInstance (0ms)
		ReleaseScriptingObjects (0ms)
		CreateAndSetChildDomain (28ms)
	RebuildCommonClasses (35ms)
	RebuildNativeTypeToScriptingClass (11ms)
	initialDomainReloadingComplete (28ms)
	LoadAllAssembliesAndSetupDomain (211ms)
		LoadAssemblies (279ms)
		RebuildTransferFunctionScriptingTraits (0ms)
		AnalyzeDomain (12ms)
			TypeCache.Refresh (5ms)
				TypeCache.ScanAssembly (0ms)
			ScanForSourceGeneratedMonoScriptInfo (0ms)
			ResolveRequiredComponents (5ms)
	FinalizeReload (956ms)
		ReleaseScriptCaches (0ms)
		RebuildScriptCaches (0ms)
		SetupLoadedEditorAssemblies (408ms)
			LogAssemblyErrors (0ms)
			InitializePlatformSupportModulesInManaged (9ms)
			SetLoadedEditorAssemblies (5ms)
			RefreshPlugins (0ms)
			BeforeProcessingInitializeOnLoad (70ms)
			ProcessInitializeOnLoadAttributes (293ms)
			ProcessInitializeOnLoadMethodAttributes (21ms)
			AfterProcessingInitializeOnLoad (10ms)
			EditorAssembliesLoaded (0ms)
		ExecutionOrderSort2 (0ms)
		AwakeInstancesAfterBackupRestoration (7ms)
Refreshing native plugins compatible for Editor in 4.36 ms, found 3 plugins.
Preloading 0 native plugins for Editor in 0.00 ms.
Unloading 3145 Unused Serialized files (Serialized files now loaded: 0)
Unloading 14 unused Assets / (28.4 KB). Loaded Objects now: 3650.
Memory consumption went from 129.7 MB to 129.6 MB.
Total: 3.133100 ms (FindLiveObjects: 0.372700 ms CreateObjectMapping: 0.094500 ms MarkObjects: 2.620200 ms  DeleteObjects: 0.044700 ms)

Prepare: number of updated asset objects reloaded= 0
AssetImportParameters requested are different than current active one (requested -> active):
  custom:scripting/monoscript/fileName/SuperCharacterController.cs: 04f8cc104805c54464bb5cfead6afeb9 -> 
  custom:container-demuxer-ogg: 62fdf1f143b41e24485cea50d1cbac27 -> 
  custom:scripting/monoscript/fileName/WarriorMovementController.cs: d3a8670ac6be966ec584e6469a9a88b4 -> 
  custom:video-decoder-ogg-theora: a1e56fd34408186e4bbccfd4996cb3dc -> 
  custom:scripting/monoscript/fileName/SuperCollider.cs: 99910f23e5fc6aa7cb8573052d1f7ac2 -> 
  custom:framework-win-MediaFoundation: 216162199b28c13a410421893ffa2e32 -> 
  custom:scripting/monoscript/fileName/PlayerCamera.cs: b178b271084040bd12f005109094346b -> 
  custom:scripting/monoscript/fileName/BSPTree.cs: 1bae6001f694de2f5bc94cbd9e2a5409 -> 
  custom:CustomObjectIndexerAttribute: 9a22284fe3817be447336de3de66b15e -> 
  custom:container-demuxer-webm: 4f35f7cbe854078d1ac9338744f61a02 -> 
  custom:scripting/monoscript/fileName/SuperMath.cs: 6f17478ba9a5bad6ed134557c2fdee93 -> 
  custom:scripting/monoscript/fileName/IKHands.cs: 47c378459a4fe56c3b829b0f1624be63 -> 
  custom:scripting/monoscript/fileName/SuperCollisionType.cs: fd7cfc42910077f94e90621986d7763c -> 
  custom:scripting/monoscript/fileName/WarriorInputController.cs: ce754e083c6c656c42f2bc1a4cf3a01c -> 
  custom:scripting/monoscript/fileName/SuperStateMachine.cs: 8232af25ee187bdf8f5018c5dd028a4e -> 
  custom:scripting/monoscript/fileName/PlayerInputController.cs: 9ae1a72a6f181b16d6429950f7ee98c4 -> 
  custom:scripting/monoscript/fileName/GUIControls.cs: 3bf828ee1f1c6bbed885e181a5bb8158 -> 
  custom:scripting/monoscript/fileName/Math3d.cs: 816ad95c73e4c3d25076a82af67658a1 -> 
  custom:container-muxer-webm: aa71ff27fc2769a1b78a27578f13a17b -> 
  custom:scripting/monoscript/fileName/PlayerMachine.cs: 038ad5037ea9a493e9e5c17d24cc2e2d -> 
  custom:scripting/monoscript/fileName/WarriorTiming.cs: 9baecafd85816423850197c70f79a309 -> 
  custom:video-decoder-webm-vp8: 9c59270c3fd7afecdb556c50c9e8de78 -> 
  custom:SearchIndexIgnoredProperties: e643bd26f0fe6173181afceb89e7c659 -> 
  custom:AudioImporter_EditorPlatform: d09bf68614088b80899f8185d706f6e7 -> 
  custom:scripting/monoscript/fileName/SetupInputLayers.cs: 389979534e379616ab9ca67b9498efac -> 
  custom:scripting/monoscript/fileName/WarriorAnimatorEvents.cs: 4f1302b5fd81c83ae584006be9dfe610 -> 
  custom:scripting/monoscript/fileName/DebugDraw.cs: 3a58a8dfbcd33809a50925ddcfb20b7d -> 
  custom:scripting/monoscript/fileName/CameraController.cs: 9afc567523072d385e7e839f14f42a40 -> 
  custom:scripting/monoscript/fileName/SimpleStateMachine.cs: 3194d9edd59c29e6434b5869f1ce3a54 -> 
  custom:video-encoder-webm-vp8: eb34c28f22e8b96e1ab97ce403110664 -> 
  custom:scripting/monoscript/fileName/AnimatorParentMove.cs: 1f353689a3895ba8ff7c06b38920b0fd -> 
  custom:audio-decoder-ogg-vorbis: bf7c407c2cedff20999df2af8eb42d56 -> 
  custom:scripting/monoscript/fileName/BruteForceMesh.cs: c25a140f80aa18d19f2e4e28e5fc37c5 -> 
  custom:scripting/monoscript/fileName/PlayerMachineDebug.cs: aaae341fc7774b17addcf81fd1992cd9 -> 
  custom:scripting/monoscript/fileName/WarriorInputSystemController.cs: af5563b636106156dd5ee84b8d954144 -> 
  custom:scripting/monoscript/fileName/Gravity.cs: c53d682c0ba4f81e5f85146f4c20e65e -> 
  custom:audio-encoder-webm-vorbis: bf7c407c2cedff20999df2af8eb42d56 -> 
  custom:scripting/precompiled-assembly-types:Assembly-CSharp-Editor: 3aa44cff06adabd12f71d464b0798f02 -> 
  custom:scripting/monoscript/fileName/WarriorController.cs: 73f7aaad6854ff23f29bb85d3f331c96 -> 
  custom:scripting/precompiled-assembly-types:Assembly-CSharp: 5375a50d7f5f981d4e42529176d384fc -> caa4647056bb0ddb34a64ea74e5e682f
========================================================================
Received Prepare
Caller must complete domain reload
Begin MonoManager ReloadAssembly
- Loaded All Assemblies, in  0.449 seconds
Native extension for WindowsStandalone target not found
Mono: successfully reloaded assembly
- Finished resetting the current domain, in  0.937 seconds
Domain Reload Profiling: 1382ms
	BeginReloadAssembly (146ms)
		ExecutionOrderSort (0ms)
		DisableScriptedObjects (5ms)
		BackupInstance (0ms)
		ReleaseScriptingObjects (0ms)
		CreateAndSetChildDomain (25ms)
	RebuildCommonClasses (31ms)
	RebuildNativeTypeToScriptingClass (13ms)
	initialDomainReloadingComplete (39ms)
	LoadAllAssembliesAndSetupDomain (215ms)
		LoadAssemblies (289ms)
		RebuildTransferFunctionScriptingTraits (0ms)
		AnalyzeDomain (12ms)
			TypeCache.Refresh (5ms)
				TypeCache.ScanAssembly (0ms)
			ScanForSourceGeneratedMonoScriptInfo (0ms)
			ResolveRequiredComponents (5ms)
	FinalizeReload (937ms)
		ReleaseScriptCaches (0ms)
		RebuildScriptCaches (0ms)
		SetupLoadedEditorAssemblies (407ms)
			LogAssemblyErrors (0ms)
			InitializePlatformSupportModulesInManaged (7ms)
			SetLoadedEditorAssemblies (5ms)
			RefreshPlugins (0ms)
			BeforeProcessingInitializeOnLoad (70ms)
			ProcessInitializeOnLoadAttributes (294ms)
			ProcessInitializeOnLoadMethodAttributes (20ms)
			AfterProcessingInitializeOnLoad (11ms)
			EditorAssembliesLoaded (0ms)
		ExecutionOrderSort2 (0ms)
		AwakeInstancesAfterBackupRestoration (9ms)
Refreshing native plugins compatible for Editor in 3.72 ms, found 3 plugins.
Preloading 0 native plugins for Editor in 0.00 ms.
Unloading 3146 Unused Serialized files (Serialized files now loaded: 0)
Unloading 14 unused Assets / (28.5 KB). Loaded Objects now: 3653.
Memory consumption went from 129.9 MB to 129.9 MB.
Total: 3.508800 ms (FindLiveObjects: 0.385700 ms CreateObjectMapping: 0.092900 ms MarkObjects: 2.975600 ms  DeleteObjects: 0.053400 ms)

Prepare: number of updated asset objects reloaded= 0
AssetImportParameters requested are different than current active one (requested -> active):
  custom:scripting/monoscript/fileName/SuperCharacterController.cs: 04f8cc104805c54464bb5cfead6afeb9 -> 
  custom:container-demuxer-ogg: 62fdf1f143b41e24485cea50d1cbac27 -> 
  custom:scripting/monoscript/fileName/WarriorMovementController.cs: d3a8670ac6be966ec584e6469a9a88b4 -> 
  custom:video-decoder-ogg-theora: a1e56fd34408186e4bbccfd4996cb3dc -> 
  custom:scripting/monoscript/fileName/SuperCollider.cs: 99910f23e5fc6aa7cb8573052d1f7ac2 -> 
  custom:framework-win-MediaFoundation: 216162199b28c13a410421893ffa2e32 -> 
  custom:scripting/monoscript/fileName/PlayerCamera.cs: b178b271084040bd12f005109094346b -> 
  custom:scripting/monoscript/fileName/BSPTree.cs: 1bae6001f694de2f5bc94cbd9e2a5409 -> 
  custom:CustomObjectIndexerAttribute: 9a22284fe3817be447336de3de66b15e -> 
  custom:container-demuxer-webm: 4f35f7cbe854078d1ac9338744f61a02 -> 
  custom:scripting/monoscript/fileName/SuperMath.cs: 6f17478ba9a5bad6ed134557c2fdee93 -> 
  custom:scripting/monoscript/fileName/IKHands.cs: 47c378459a4fe56c3b829b0f1624be63 -> 
  custom:scripting/monoscript/fileName/SuperCollisionType.cs: fd7cfc42910077f94e90621986d7763c -> 
  custom:scripting/monoscript/fileName/WarriorInputController.cs: ce754e083c6c656c42f2bc1a4cf3a01c -> 
  custom:scripting/monoscript/fileName/SuperStateMachine.cs: 8232af25ee187bdf8f5018c5dd028a4e -> 
  custom:scripting/monoscript/fileName/PlayerInputController.cs: 9ae1a72a6f181b16d6429950f7ee98c4 -> 
  custom:scripting/monoscript/fileName/GUIControls.cs: 3bf828ee1f1c6bbed885e181a5bb8158 -> 
  custom:scripting/monoscript/fileName/Math3d.cs: 816ad95c73e4c3d25076a82af67658a1 -> 
  custom:container-muxer-webm: aa71ff27fc2769a1b78a27578f13a17b -> 
  custom:scripting/monoscript/fileName/PlayerMachine.cs: 038ad5037ea9a493e9e5c17d24cc2e2d -> 
  custom:scripting/monoscript/fileName/WarriorTiming.cs: 9baecafd85816423850197c70f79a309 -> 
  custom:video-decoder-webm-vp8: 9c59270c3fd7afecdb556c50c9e8de78 -> 
  custom:SearchIndexIgnoredProperties: e643bd26f0fe6173181afceb89e7c659 -> 
  custom:AudioImporter_EditorPlatform: d09bf68614088b80899f8185d706f6e7 -> 
  custom:scripting/monoscript/fileName/SetupInputLayers.cs: 389979534e379616ab9ca67b9498efac -> 
  custom:scripting/monoscript/fileName/WarriorAnimatorEvents.cs: 4f1302b5fd81c83ae584006be9dfe610 -> 
  custom:scripting/monoscript/fileName/DebugDraw.cs: 3a58a8dfbcd33809a50925ddcfb20b7d -> 
  custom:scripting/monoscript/fileName/CameraController.cs: 9afc567523072d385e7e839f14f42a40 -> 
  custom:scripting/monoscript/fileName/SimpleStateMachine.cs: 3194d9edd59c29e6434b5869f1ce3a54 -> 
  custom:video-encoder-webm-vp8: eb34c28f22e8b96e1ab97ce403110664 -> 
  custom:scripting/monoscript/fileName/AnimatorParentMove.cs: 1f353689a3895ba8ff7c06b38920b0fd -> 
  custom:audio-decoder-ogg-vorbis: bf7c407c2cedff20999df2af8eb42d56 -> 
  custom:scripting/monoscript/fileName/BruteForceMesh.cs: c25a140f80aa18d19f2e4e28e5fc37c5 -> 
  custom:scripting/monoscript/fileName/PlayerMachineDebug.cs: aaae341fc7774b17addcf81fd1992cd9 -> 
  custom:scripting/monoscript/fileName/WarriorInputSystemController.cs: af5563b636106156dd5ee84b8d954144 -> 
  custom:scripting/monoscript/fileName/Gravity.cs: c53d682c0ba4f81e5f85146f4c20e65e -> 
  custom:audio-encoder-webm-vorbis: bf7c407c2cedff20999df2af8eb42d56 -> 
  custom:scripting/precompiled-assembly-types:Assembly-CSharp-Editor: 3aa44cff06adabd12f71d464b0798f02 -> 
  custom:scripting/monoscript/fileName/WarriorController.cs: 73f7aaad6854ff23f29bb85d3f331c96 -> 
  custom:scripting/precompiled-assembly-types:Assembly-CSharp: 5375a50d7f5f981d4e42529176d384fc -> caa4647056bb0ddb34a64ea74e5e682f
========================================================================
Received Prepare
Caller must complete domain reload
Begin MonoManager ReloadAssembly
- Loaded All Assemblies, in  0.430 seconds
Native extension for WindowsStandalone target not found
Mono: successfully reloaded assembly
- Finished resetting the current domain, in  0.973 seconds
Domain Reload Profiling: 1401ms
	BeginReloadAssembly (144ms)
		ExecutionOrderSort (0ms)
		DisableScriptedObjects (5ms)
		BackupInstance (0ms)
		ReleaseScriptingObjects (0ms)
		CreateAndSetChildDomain (26ms)
	RebuildCommonClasses (38ms)
	RebuildNativeTypeToScriptingClass (12ms)
	initialDomainReloadingComplete (29ms)
	LoadAllAssembliesAndSetupDomain (205ms)
		LoadAssemblies (272ms)
		RebuildTransferFunctionScriptingTraits (0ms)
		AnalyzeDomain (15ms)
			TypeCache.Refresh (6ms)
				TypeCache.ScanAssembly (0ms)
			ScanForSourceGeneratedMonoScriptInfo (0ms)
			ResolveRequiredComponents (7ms)
	FinalizeReload (974ms)
		ReleaseScriptCaches (0ms)
		RebuildScriptCaches (0ms)
		SetupLoadedEditorAssemblies (409ms)
			LogAssemblyErrors (0ms)
			InitializePlatformSupportModulesInManaged (9ms)
			SetLoadedEditorAssemblies (5ms)
			RefreshPlugins (0ms)
			BeforeProcessingInitializeOnLoad (70ms)
			ProcessInitializeOnLoadAttributes (294ms)
			ProcessInitializeOnLoadMethodAttributes (21ms)
			AfterProcessingInitializeOnLoad (11ms)
			EditorAssembliesLoaded (0ms)
		ExecutionOrderSort2 (0ms)
		AwakeInstancesAfterBackupRestoration (8ms)
Refreshing native plugins compatible for Editor in 3.68 ms, found 3 plugins.
Preloading 0 native plugins for Editor in 0.00 ms.
Unloading 3146 Unused Serialized files (Serialized files now loaded: 0)
Unloading 14 unused Assets / (28.5 KB). Loaded Objects now: 3656.
Memory consumption went from 129.9 MB to 129.9 MB.
Total: 2.768000 ms (FindLiveObjects: 0.322600 ms CreateObjectMapping: 0.090600 ms MarkObjects: 2.309200 ms  DeleteObjects: 0.044600 ms)

Prepare: number of updated asset objects reloaded= 0
AssetImportParameters requested are different than current active one (requested -> active):
  custom:scripting/monoscript/fileName/SuperCharacterController.cs: 04f8cc104805c54464bb5cfead6afeb9 -> 
  custom:container-demuxer-ogg: 62fdf1f143b41e24485cea50d1cbac27 -> 
  custom:scripting/monoscript/fileName/WarriorMovementController.cs: d3a8670ac6be966ec584e6469a9a88b4 -> 
  custom:video-decoder-ogg-theora: a1e56fd34408186e4bbccfd4996cb3dc -> 
  custom:scripting/monoscript/fileName/SuperCollider.cs: 99910f23e5fc6aa7cb8573052d1f7ac2 -> 
  custom:framework-win-MediaFoundation: 216162199b28c13a410421893ffa2e32 -> 
  custom:scripting/monoscript/fileName/PlayerCamera.cs: b178b271084040bd12f005109094346b -> 
  custom:scripting/monoscript/fileName/BSPTree.cs: 1bae6001f694de2f5bc94cbd9e2a5409 -> 
  custom:CustomObjectIndexerAttribute: 9a22284fe3817be447336de3de66b15e -> 
  custom:container-demuxer-webm: 4f35f7cbe854078d1ac9338744f61a02 -> 
  custom:scripting/monoscript/fileName/SuperMath.cs: 6f17478ba9a5bad6ed134557c2fdee93 -> 
  custom:scripting/monoscript/fileName/IKHands.cs: 47c378459a4fe56c3b829b0f1624be63 -> 
  custom:scripting/monoscript/fileName/SuperCollisionType.cs: fd7cfc42910077f94e90621986d7763c -> 
  custom:scripting/monoscript/fileName/WarriorInputController.cs: ce754e083c6c656c42f2bc1a4cf3a01c -> 
  custom:scripting/monoscript/fileName/SuperStateMachine.cs: 8232af25ee187bdf8f5018c5dd028a4e -> 
  custom:scripting/monoscript/fileName/PlayerInputController.cs: 9ae1a72a6f181b16d6429950f7ee98c4 -> 
  custom:scripting/monoscript/fileName/GUIControls.cs: 3bf828ee1f1c6bbed885e181a5bb8158 -> 
  custom:scripting/monoscript/fileName/Math3d.cs: 816ad95c73e4c3d25076a82af67658a1 -> 
  custom:container-muxer-webm: aa71ff27fc2769a1b78a27578f13a17b -> 
  custom:scripting/monoscript/fileName/PlayerMachine.cs: 038ad5037ea9a493e9e5c17d24cc2e2d -> 
  custom:scripting/monoscript/fileName/WarriorTiming.cs: 9baecafd85816423850197c70f79a309 -> 
  custom:video-decoder-webm-vp8: 9c59270c3fd7afecdb556c50c9e8de78 -> 
  custom:SearchIndexIgnoredProperties: e643bd26f0fe6173181afceb89e7c659 -> 
  custom:AudioImporter_EditorPlatform: d09bf68614088b80899f8185d706f6e7 -> 
  custom:scripting/monoscript/fileName/SetupInputLayers.cs: 389979534e379616ab9ca67b9498efac -> 
  custom:scripting/monoscript/fileName/WarriorAnimatorEvents.cs: 4f1302b5fd81c83ae584006be9dfe610 -> 
  custom:scripting/monoscript/fileName/DebugDraw.cs: 3a58a8dfbcd33809a50925ddcfb20b7d -> 
  custom:scripting/monoscript/fileName/CameraController.cs: 9afc567523072d385e7e839f14f42a40 -> 
  custom:scripting/monoscript/fileName/SimpleStateMachine.cs: 3194d9edd59c29e6434b5869f1ce3a54 -> 
  custom:video-encoder-webm-vp8: eb34c28f22e8b96e1ab97ce403110664 -> 
  custom:scripting/monoscript/fileName/AnimatorParentMove.cs: 1f353689a3895ba8ff7c06b38920b0fd -> 
  custom:audio-decoder-ogg-vorbis: bf7c407c2cedff20999df2af8eb42d56 -> 
  custom:scripting/monoscript/fileName/BruteForceMesh.cs: c25a140f80aa18d19f2e4e28e5fc37c5 -> 
  custom:scripting/monoscript/fileName/PlayerMachineDebug.cs: aaae341fc7774b17addcf81fd1992cd9 -> 
  custom:scripting/monoscript/fileName/WarriorInputSystemController.cs: af5563b636106156dd5ee84b8d954144 -> 
  custom:scripting/monoscript/fileName/Gravity.cs: c53d682c0ba4f81e5f85146f4c20e65e -> 
  custom:audio-encoder-webm-vorbis: bf7c407c2cedff20999df2af8eb42d56 -> 
  custom:scripting/precompiled-assembly-types:Assembly-CSharp-Editor: 3aa44cff06adabd12f71d464b0798f02 -> 
  custom:scripting/monoscript/fileName/WarriorController.cs: 73f7aaad6854ff23f29bb85d3f331c96 -> 
  custom:scripting/precompiled-assembly-types:Assembly-CSharp: 5375a50d7f5f981d4e42529176d384fc -> caa4647056bb0ddb34a64ea74e5e682f
========================================================================
Received Prepare
Caller must complete domain reload
Begin MonoManager ReloadAssembly
- Loaded All Assemblies, in  0.426 seconds
Native extension for WindowsStandalone target not found
Mono: successfully reloaded assembly
- Finished resetting the current domain, in  0.953 seconds
Domain Reload Profiling: 1375ms
	BeginReloadAssembly (150ms)
		ExecutionOrderSort (0ms)
		DisableScriptedObjects (5ms)
		BackupInstance (0ms)
		ReleaseScriptingObjects (0ms)
		CreateAndSetChildDomain (27ms)
	RebuildCommonClasses (31ms)
	RebuildNativeTypeToScriptingClass (11ms)
	initialDomainReloadingComplete (27ms)
	LoadAllAssembliesAndSetupDomain (202ms)
		LoadAssemblies (277ms)
		RebuildTransferFunctionScriptingTraits (0ms)
		AnalyzeDomain (11ms)
			TypeCache.Refresh (5ms)
				TypeCache.ScanAssembly (0ms)
			ScanForSourceGeneratedMonoScriptInfo (0ms)
			ResolveRequiredComponents (5ms)
	FinalizeReload (954ms)
		ReleaseScriptCaches (0ms)
		RebuildScriptCaches (0ms)
		SetupLoadedEditorAssemblies (416ms)
			LogAssemblyErrors (0ms)
			InitializePlatformSupportModulesInManaged (12ms)
			SetLoadedEditorAssemblies (5ms)
			RefreshPlugins (0ms)
			BeforeProcessingInitializeOnLoad (71ms)
			ProcessInitializeOnLoadAttributes (295ms)
			ProcessInitializeOnLoadMethodAttributes (23ms)
			AfterProcessingInitializeOnLoad (10ms)
			EditorAssembliesLoaded (0ms)
		ExecutionOrderSort2 (0ms)
		AwakeInstancesAfterBackupRestoration (10ms)
Refreshing native plugins compatible for Editor in 3.45 ms, found 3 plugins.
Preloading 0 native plugins for Editor in 0.00 ms.
Unloading 3146 Unused Serialized files (Serialized files now loaded: 0)
Unloading 14 unused Assets / (28.5 KB). Loaded Objects now: 3659.
Memory consumption went from 129.9 MB to 129.9 MB.
Total: 3.013300 ms (FindLiveObjects: 0.345600 ms CreateObjectMapping: 0.088400 ms MarkObjects: 2.529200 ms  DeleteObjects: 0.048800 ms)

Prepare: number of updated asset objects reloaded= 0
AssetImportParameters requested are different than current active one (requested -> active):
  custom:scripting/monoscript/fileName/SuperCharacterController.cs: 04f8cc104805c54464bb5cfead6afeb9 -> 
  custom:container-demuxer-ogg: 62fdf1f143b41e24485cea50d1cbac27 -> 
  custom:scripting/monoscript/fileName/WarriorMovementController.cs: d3a8670ac6be966ec584e6469a9a88b4 -> 
  custom:video-decoder-ogg-theora: a1e56fd34408186e4bbccfd4996cb3dc -> 
  custom:scripting/monoscript/fileName/SuperCollider.cs: 99910f23e5fc6aa7cb8573052d1f7ac2 -> 
  custom:framework-win-MediaFoundation: 216162199b28c13a410421893ffa2e32 -> 
  custom:scripting/monoscript/fileName/PlayerCamera.cs: b178b271084040bd12f005109094346b -> 
  custom:scripting/monoscript/fileName/BSPTree.cs: 1bae6001f694de2f5bc94cbd9e2a5409 -> 
  custom:CustomObjectIndexerAttribute: 9a22284fe3817be447336de3de66b15e -> 
  custom:container-demuxer-webm: 4f35f7cbe854078d1ac9338744f61a02 -> 
  custom:scripting/monoscript/fileName/SuperMath.cs: 6f17478ba9a5bad6ed134557c2fdee93 -> 
  custom:scripting/monoscript/fileName/IKHands.cs: 47c378459a4fe56c3b829b0f1624be63 -> 
  custom:scripting/monoscript/fileName/SuperCollisionType.cs: fd7cfc42910077f94e90621986d7763c -> 
  custom:scripting/monoscript/fileName/WarriorInputController.cs: ce754e083c6c656c42f2bc1a4cf3a01c -> 
  custom:scripting/monoscript/fileName/SuperStateMachine.cs: 8232af25ee187bdf8f5018c5dd028a4e -> 
  custom:scripting/monoscript/fileName/PlayerInputController.cs: 9ae1a72a6f181b16d6429950f7ee98c4 -> 
  custom:scripting/monoscript/fileName/GUIControls.cs: 3bf828ee1f1c6bbed885e181a5bb8158 -> 
  custom:scripting/monoscript/fileName/Math3d.cs: 816ad95c73e4c3d25076a82af67658a1 -> 
  custom:container-muxer-webm: aa71ff27fc2769a1b78a27578f13a17b -> 
  custom:scripting/monoscript/fileName/PlayerMachine.cs: 038ad5037ea9a493e9e5c17d24cc2e2d -> 
  custom:scripting/monoscript/fileName/WarriorTiming.cs: 9baecafd85816423850197c70f79a309 -> 
  custom:video-decoder-webm-vp8: 9c59270c3fd7afecdb556c50c9e8de78 -> 
  custom:SearchIndexIgnoredProperties: e643bd26f0fe6173181afceb89e7c659 -> 
  custom:AudioImporter_EditorPlatform: d09bf68614088b80899f8185d706f6e7 -> 
  custom:scripting/monoscript/fileName/SetupInputLayers.cs: 389979534e379616ab9ca67b9498efac -> 
  custom:scripting/monoscript/fileName/WarriorAnimatorEvents.cs: 4f1302b5fd81c83ae584006be9dfe610 -> 
  custom:scripting/monoscript/fileName/DebugDraw.cs: 3a58a8dfbcd33809a50925ddcfb20b7d -> 
  custom:scripting/monoscript/fileName/CameraController.cs: 9afc567523072d385e7e839f14f42a40 -> 
  custom:scripting/monoscript/fileName/SimpleStateMachine.cs: 3194d9edd59c29e6434b5869f1ce3a54 -> 
  custom:video-encoder-webm-vp8: eb34c28f22e8b96e1ab97ce403110664 -> 
  custom:scripting/monoscript/fileName/AnimatorParentMove.cs: 1f353689a3895ba8ff7c06b38920b0fd -> 
  custom:audio-decoder-ogg-vorbis: bf7c407c2cedff20999df2af8eb42d56 -> 
  custom:scripting/monoscript/fileName/BruteForceMesh.cs: c25a140f80aa18d19f2e4e28e5fc37c5 -> 
  custom:scripting/monoscript/fileName/PlayerMachineDebug.cs: aaae341fc7774b17addcf81fd1992cd9 -> 
  custom:scripting/monoscript/fileName/WarriorInputSystemController.cs: af5563b636106156dd5ee84b8d954144 -> 
  custom:scripting/monoscript/fileName/Gravity.cs: c53d682c0ba4f81e5f85146f4c20e65e -> 
  custom:audio-encoder-webm-vorbis: bf7c407c2cedff20999df2af8eb42d56 -> 
  custom:scripting/precompiled-assembly-types:Assembly-CSharp-Editor: 3aa44cff06adabd12f71d464b0798f02 -> 
  custom:scripting/monoscript/fileName/WarriorController.cs: 73f7aaad6854ff23f29bb85d3f331c96 -> 
  custom:scripting/precompiled-assembly-types:Assembly-CSharp: 5375a50d7f5f981d4e42529176d384fc -> caa4647056bb0ddb34a64ea74e5e682f
========================================================================
Received Prepare
Caller must complete domain reload
Begin MonoManager ReloadAssembly
- Loaded All Assemblies, in  0.434 seconds
Native extension for WindowsStandalone target not found
Mono: successfully reloaded assembly
- Finished resetting the current domain, in  0.931 seconds
Domain Reload Profiling: 1360ms
	BeginReloadAssembly (152ms)
		ExecutionOrderSort (0ms)
		DisableScriptedObjects (5ms)
		BackupInstance (0ms)
		ReleaseScriptingObjects (0ms)
		CreateAndSetChildDomain (27ms)
	RebuildCommonClasses (32ms)
	RebuildNativeTypeToScriptingClass (11ms)
	initialDomainReloadingComplete (30ms)
	LoadAllAssembliesAndSetupDomain (203ms)
		LoadAssemblies (279ms)
		RebuildTransferFunctionScriptingTraits (0ms)
		AnalyzeDomain (15ms)
			TypeCache.Refresh (7ms)
				TypeCache.ScanAssembly (0ms)
			ScanForSourceGeneratedMonoScriptInfo (0ms)
			ResolveRequiredComponents (6ms)
	FinalizeReload (931ms)
		ReleaseScriptCaches (0ms)
		RebuildScriptCaches (0ms)
		SetupLoadedEditorAssemblies (388ms)
			LogAssemblyErrors (0ms)
			InitializePlatformSupportModulesInManaged (7ms)
			SetLoadedEditorAssemblies (5ms)
			RefreshPlugins (0ms)
			BeforeProcessingInitializeOnLoad (66ms)
			ProcessInitializeOnLoadAttributes (279ms)
			ProcessInitializeOnLoadMethodAttributes (19ms)
			AfterProcessingInitializeOnLoad (11ms)
			EditorAssembliesLoaded (0ms)
		ExecutionOrderSort2 (0ms)
		AwakeInstancesAfterBackupRestoration (8ms)
Refreshing native plugins compatible for Editor in 3.91 ms, found 3 plugins.
Preloading 0 native plugins for Editor in 0.00 ms.
Unloading 3146 Unused Serialized files (Serialized files now loaded: 0)
Unloading 14 unused Assets / (28.5 KB). Loaded Objects now: 3662.
Memory consumption went from 129.9 MB to 129.9 MB.
Total: 2.900700 ms (FindLiveObjects: 0.272300 ms CreateObjectMapping: 0.094900 ms MarkObjects: 2.482200 ms  DeleteObjects: 0.050100 ms)

Prepare: number of updated asset objects reloaded= 0
AssetImportParameters requested are different than current active one (requested -> active):
  custom:scripting/monoscript/fileName/SuperCharacterController.cs: 04f8cc104805c54464bb5cfead6afeb9 -> 
  custom:container-demuxer-ogg: 62fdf1f143b41e24485cea50d1cbac27 -> 
  custom:scripting/monoscript/fileName/WarriorMovementController.cs: d3a8670ac6be966ec584e6469a9a88b4 -> 
  custom:video-decoder-ogg-theora: a1e56fd34408186e4bbccfd4996cb3dc -> 
  custom:scripting/monoscript/fileName/SuperCollider.cs: 99910f23e5fc6aa7cb8573052d1f7ac2 -> 
  custom:framework-win-MediaFoundation: 216162199b28c13a410421893ffa2e32 -> 
  custom:scripting/monoscript/fileName/PlayerCamera.cs: b178b271084040bd12f005109094346b -> 
  custom:scripting/monoscript/fileName/BSPTree.cs: 1bae6001f694de2f5bc94cbd9e2a5409 -> 
  custom:CustomObjectIndexerAttribute: 9a22284fe3817be447336de3de66b15e -> 
  custom:container-demuxer-webm: 4f35f7cbe854078d1ac9338744f61a02 -> 
  custom:scripting/monoscript/fileName/SuperMath.cs: 6f17478ba9a5bad6ed134557c2fdee93 -> 
  custom:scripting/monoscript/fileName/IKHands.cs: 47c378459a4fe56c3b829b0f1624be63 -> 
  custom:scripting/monoscript/fileName/SuperCollisionType.cs: fd7cfc42910077f94e90621986d7763c -> 
  custom:scripting/monoscript/fileName/WarriorInputController.cs: ce754e083c6c656c42f2bc1a4cf3a01c -> 
  custom:scripting/monoscript/fileName/SuperStateMachine.cs: 8232af25ee187bdf8f5018c5dd028a4e -> 
  custom:scripting/monoscript/fileName/PlayerInputController.cs: 9ae1a72a6f181b16d6429950f7ee98c4 -> 
  custom:scripting/monoscript/fileName/GUIControls.cs: 3bf828ee1f1c6bbed885e181a5bb8158 -> 
  custom:scripting/monoscript/fileName/Math3d.cs: 816ad95c73e4c3d25076a82af67658a1 -> 
  custom:container-muxer-webm: aa71ff27fc2769a1b78a27578f13a17b -> 
  custom:scripting/monoscript/fileName/PlayerMachine.cs: 038ad5037ea9a493e9e5c17d24cc2e2d -> 
  custom:scripting/monoscript/fileName/WarriorTiming.cs: 9baecafd85816423850197c70f79a309 -> 
  custom:video-decoder-webm-vp8: 9c59270c3fd7afecdb556c50c9e8de78 -> 
  custom:SearchIndexIgnoredProperties: e643bd26f0fe6173181afceb89e7c659 -> 
  custom:AudioImporter_EditorPlatform: d09bf68614088b80899f8185d706f6e7 -> 
  custom:scripting/monoscript/fileName/SetupInputLayers.cs: 389979534e379616ab9ca67b9498efac -> 
  custom:scripting/monoscript/fileName/WarriorAnimatorEvents.cs: 4f1302b5fd81c83ae584006be9dfe610 -> 
  custom:scripting/monoscript/fileName/DebugDraw.cs: 3a58a8dfbcd33809a50925ddcfb20b7d -> 
  custom:scripting/monoscript/fileName/CameraController.cs: 9afc567523072d385e7e839f14f42a40 -> 
  custom:scripting/monoscript/fileName/SimpleStateMachine.cs: 3194d9edd59c29e6434b5869f1ce3a54 -> 
  custom:video-encoder-webm-vp8: eb34c28f22e8b96e1ab97ce403110664 -> 
  custom:scripting/monoscript/fileName/AnimatorParentMove.cs: 1f353689a3895ba8ff7c06b38920b0fd -> 
  custom:audio-decoder-ogg-vorbis: bf7c407c2cedff20999df2af8eb42d56 -> 
  custom:scripting/monoscript/fileName/BruteForceMesh.cs: c25a140f80aa18d19f2e4e28e5fc37c5 -> 
  custom:scripting/monoscript/fileName/PlayerMachineDebug.cs: aaae341fc7774b17addcf81fd1992cd9 -> 
  custom:scripting/monoscript/fileName/WarriorInputSystemController.cs: af5563b636106156dd5ee84b8d954144 -> 
  custom:scripting/monoscript/fileName/Gravity.cs: c53d682c0ba4f81e5f85146f4c20e65e -> 
  custom:audio-encoder-webm-vorbis: bf7c407c2cedff20999df2af8eb42d56 -> 
  custom:scripting/precompiled-assembly-types:Assembly-CSharp-Editor: 3aa44cff06adabd12f71d464b0798f02 -> 
  custom:scripting/monoscript/fileName/WarriorController.cs: 73f7aaad6854ff23f29bb85d3f331c96 -> 
  custom:scripting/precompiled-assembly-types:Assembly-CSharp: 5375a50d7f5f981d4e42529176d384fc -> caa4647056bb0ddb34a64ea74e5e682f
========================================================================
Received Prepare
Caller must complete domain reload
Begin MonoManager ReloadAssembly
- Loaded All Assemblies, in  0.423 seconds
Native extension for WindowsStandalone target not found
Mono: successfully reloaded assembly
- Finished resetting the current domain, in  0.960 seconds
Domain Reload Profiling: 1381ms
	BeginReloadAssembly (147ms)
		ExecutionOrderSort (0ms)
		DisableScriptedObjects (5ms)
		BackupInstance (0ms)
		ReleaseScriptingObjects (0ms)
		CreateAndSetChildDomain (28ms)
	RebuildCommonClasses (31ms)
	RebuildNativeTypeToScriptingClass (11ms)
	initialDomainReloadingComplete (28ms)
	LoadAllAssembliesAndSetupDomain (203ms)
		LoadAssemblies (269ms)
		RebuildTransferFunctionScriptingTraits (0ms)
		AnalyzeDomain (14ms)
			TypeCache.Refresh (6ms)
				TypeCache.ScanAssembly (0ms)
			ScanForSourceGeneratedMonoScriptInfo (0ms)
			ResolveRequiredComponents (6ms)
	FinalizeReload (961ms)
		ReleaseScriptCaches (0ms)
		RebuildScriptCaches (0ms)
		SetupLoadedEditorAssemblies (431ms)
			LogAssemblyErrors (0ms)
			InitializePlatformSupportModulesInManaged (9ms)
			SetLoadedEditorAssemblies (5ms)
			RefreshPlugins (0ms)
			BeforeProcessingInitializeOnLoad (73ms)
			ProcessInitializeOnLoadAttributes (311ms)
			ProcessInitializeOnLoadMethodAttributes (21ms)
			AfterProcessingInitializeOnLoad (11ms)
			EditorAssembliesLoaded (0ms)
		ExecutionOrderSort2 (0ms)
		AwakeInstancesAfterBackupRestoration (8ms)
Refreshing native plugins compatible for Editor in 3.73 ms, found 3 plugins.
Preloading 0 native plugins for Editor in 0.00 ms.
Unloading 3146 Unused Serialized files (Serialized files now loaded: 0)
Unloading 14 unused Assets / (28.5 KB). Loaded Objects now: 3665.
Memory consumption went from 129.9 MB to 129.9 MB.
Total: 2.980500 ms (FindLiveObjects: 0.365800 ms CreateObjectMapping: 0.086800 ms MarkObjects: 2.468800 ms  DeleteObjects: 0.057600 ms)

Prepare: number of updated asset objects reloaded= 0
AssetImportParameters requested are different than current active one (requested -> active):
  custom:scripting/monoscript/fileName/SuperCharacterController.cs: 04f8cc104805c54464bb5cfead6afeb9 -> 
  custom:container-demuxer-ogg: 62fdf1f143b41e24485cea50d1cbac27 -> 
  custom:scripting/monoscript/fileName/WarriorMovementController.cs: d3a8670ac6be966ec584e6469a9a88b4 -> 
  custom:video-decoder-ogg-theora: a1e56fd34408186e4bbccfd4996cb3dc -> 
  custom:scripting/monoscript/fileName/SuperCollider.cs: 99910f23e5fc6aa7cb8573052d1f7ac2 -> 
  custom:framework-win-MediaFoundation: 216162199b28c13a410421893ffa2e32 -> 
  custom:scripting/monoscript/fileName/PlayerCamera.cs: b178b271084040bd12f005109094346b -> 
  custom:scripting/monoscript/fileName/BSPTree.cs: 1bae6001f694de2f5bc94cbd9e2a5409 -> 
  custom:CustomObjectIndexerAttribute: 9a22284fe3817be447336de3de66b15e -> 
  custom:container-demuxer-webm: 4f35f7cbe854078d1ac9338744f61a02 -> 
  custom:scripting/monoscript/fileName/SuperMath.cs: 6f17478ba9a5bad6ed134557c2fdee93 -> 
  custom:scripting/monoscript/fileName/IKHands.cs: 47c378459a4fe56c3b829b0f1624be63 -> 
  custom:scripting/monoscript/fileName/SuperCollisionType.cs: fd7cfc42910077f94e90621986d7763c -> 
  custom:scripting/monoscript/fileName/WarriorInputController.cs: ce754e083c6c656c42f2bc1a4cf3a01c -> 
  custom:scripting/monoscript/fileName/SuperStateMachine.cs: 8232af25ee187bdf8f5018c5dd028a4e -> 
  custom:scripting/monoscript/fileName/PlayerInputController.cs: 9ae1a72a6f181b16d6429950f7ee98c4 -> 
  custom:scripting/monoscript/fileName/GUIControls.cs: 3bf828ee1f1c6bbed885e181a5bb8158 -> 
  custom:scripting/monoscript/fileName/Math3d.cs: 816ad95c73e4c3d25076a82af67658a1 -> 
  custom:container-muxer-webm: aa71ff27fc2769a1b78a27578f13a17b -> 
  custom:scripting/monoscript/fileName/PlayerMachine.cs: 038ad5037ea9a493e9e5c17d24cc2e2d -> 
  custom:scripting/monoscript/fileName/WarriorTiming.cs: 9baecafd85816423850197c70f79a309 -> 
  custom:video-decoder-webm-vp8: 9c59270c3fd7afecdb556c50c9e8de78 -> 
  custom:SearchIndexIgnoredProperties: e643bd26f0fe6173181afceb89e7c659 -> 
  custom:AudioImporter_EditorPlatform: d09bf68614088b80899f8185d706f6e7 -> 
  custom:scripting/monoscript/fileName/SetupInputLayers.cs: 389979534e379616ab9ca67b9498efac -> 
  custom:scripting/monoscript/fileName/WarriorAnimatorEvents.cs: 4f1302b5fd81c83ae584006be9dfe610 -> 
  custom:scripting/monoscript/fileName/DebugDraw.cs: 3a58a8dfbcd33809a50925ddcfb20b7d -> 
  custom:scripting/monoscript/fileName/CameraController.cs: 9afc567523072d385e7e839f14f42a40 -> 
  custom:scripting/monoscript/fileName/SimpleStateMachine.cs: 3194d9edd59c29e6434b5869f1ce3a54 -> 
  custom:video-encoder-webm-vp8: eb34c28f22e8b96e1ab97ce403110664 -> 
  custom:scripting/monoscript/fileName/AnimatorParentMove.cs: 1f353689a3895ba8ff7c06b38920b0fd -> 
  custom:audio-decoder-ogg-vorbis: bf7c407c2cedff20999df2af8eb42d56 -> 
  custom:scripting/monoscript/fileName/BruteForceMesh.cs: c25a140f80aa18d19f2e4e28e5fc37c5 -> 
  custom:scripting/monoscript/fileName/PlayerMachineDebug.cs: aaae341fc7774b17addcf81fd1992cd9 -> 
  custom:scripting/monoscript/fileName/WarriorInputSystemController.cs: af5563b636106156dd5ee84b8d954144 -> 
  custom:scripting/monoscript/fileName/Gravity.cs: c53d682c0ba4f81e5f85146f4c20e65e -> 
  custom:audio-encoder-webm-vorbis: bf7c407c2cedff20999df2af8eb42d56 -> 
  custom:scripting/precompiled-assembly-types:Assembly-CSharp-Editor: 3aa44cff06adabd12f71d464b0798f02 -> 
  custom:scripting/monoscript/fileName/WarriorController.cs: 73f7aaad6854ff23f29bb85d3f331c96 -> 
  custom:scripting/precompiled-assembly-types:Assembly-CSharp: 5375a50d7f5f981d4e42529176d384fc -> caa4647056bb0ddb34a64ea74e5e682f
