Using pre-set license
Built from '2022.3/staging' branch; Version is '2022.3.55f1 (9f374180d209) revision 10434369'; Using compiler version '192829333'; Build Type 'Release'
OS: 'Windows 10  (10.0.19045) 64bit Professional' Language: 'en' Physical Memory: 16295 MB
BatchMode: 1, IsHumanControllingUs: 0, StartBugReporterOnCrash: 0, Is64bit: 1, IsPro: 1

COMMAND LINE ARGUMENTS:
C:\Program Files\Unity\Hub\Editor\2022.3.55f1\Editor\Unity.exe
-adb2
-batchMode
-noUpm
-name
AssetImportWorker2
-projectPath
C:/Users/Gaming PC/Game Dev
-logFile
Logs/AssetImportWorker2.log
-srvPort
58799
Successfully changed project path to: C:/Users/Gaming PC/Game Dev
C:/Users/Gaming PC/Game Dev
[UnityMemory] Configuration Parameters - Can be set up in boot.config
    "memorysetup-bucket-allocator-granularity=16"
    "memorysetup-bucket-allocator-bucket-count=8"
    "memorysetup-bucket-allocator-block-size=33554432"
    "memorysetup-bucket-allocator-block-count=8"
    "memorysetup-main-allocator-block-size=16777216"
    "memorysetup-thread-allocator-block-size=16777216"
    "memorysetup-gfx-main-allocator-block-size=16777216"
    "memorysetup-gfx-thread-allocator-block-size=16777216"
    "memorysetup-cache-allocator-block-size=4194304"
    "memorysetup-typetree-allocator-block-size=2097152"
    "memorysetup-profiler-bucket-allocator-granularity=16"
    "memorysetup-profiler-bucket-allocator-bucket-count=8"
    "memorysetup-profiler-bucket-allocator-block-size=33554432"
    "memorysetup-profiler-bucket-allocator-block-count=8"
    "memorysetup-profiler-allocator-block-size=16777216"
    "memorysetup-profiler-editor-allocator-block-size=1048576"
    "memorysetup-temp-allocator-size-main=16777216"
    "memorysetup-job-temp-allocator-block-size=2097152"
    "memorysetup-job-temp-allocator-block-size-background=1048576"
    "memorysetup-job-temp-allocator-reduction-small-platforms=262144"
    "memorysetup-allocator-temp-initial-block-size-main=262144"
    "memorysetup-allocator-temp-initial-block-size-worker=262144"
    "memorysetup-temp-allocator-size-background-worker=32768"
    "memorysetup-temp-allocator-size-job-worker=262144"
    "memorysetup-temp-allocator-size-preload-manager=33554432"
    "memorysetup-temp-allocator-size-nav-mesh-worker=65536"
    "memorysetup-temp-allocator-size-audio-worker=65536"
    "memorysetup-temp-allocator-size-cloud-worker=32768"
    "memorysetup-temp-allocator-size-gi-baking-worker=262144"
    "memorysetup-temp-allocator-size-gfx=262144"
Player connection [139212]  Target information:

Player connection [139212]  * "[IP] 192.168.0.120 [Port] 0 [Flags] 2 [Guid] 299138962 [EditorId] 299138962 [Version] 1048832 [Id] WindowsEditor(7,DESKTOP-KKAU6M3) [Debug] 1 [PackageName] WindowsEditor [ProjectName] Editor" 

Player connection [139212] Host joined multi-casting on [225.0.0.222:54997]...
Player connection [139212] Host joined alternative multi-casting on [225.0.0.222:34997]...
[PhysX] Initialized MultithreadedTaskDispatcher with 16 workers.
Refreshing native plugins compatible for Editor in 17.70 ms, found 3 plugins.
Preloading 0 native plugins for Editor in 0.00 ms.
Initialize engine version: 2022.3.55f1 (9f374180d209)
[Subsystems] Discovering subsystems at path C:/Program Files/Unity/Hub/Editor/2022.3.55f1/Editor/Data/Resources/UnitySubsystems
[Subsystems] Discovering subsystems at path C:/Users/Gaming PC/Game Dev/Assets
GfxDevice: creating device client; threaded=0; jobified=0
Direct3D:
    Version:  Direct3D 11.0 [level 11.1]
    Renderer: NVIDIA GeForce GTX 1070 (ID=0x1b81)
    Vendor:   NVIDIA
    VRAM:     8067 MB
    Driver:   32.0.15.6636
Initialize mono
Mono path[0] = 'C:/Program Files/Unity/Hub/Editor/2022.3.55f1/Editor/Data/Managed'
Mono path[1] = 'C:/Program Files/Unity/Hub/Editor/2022.3.55f1/Editor/Data/MonoBleedingEdge/lib/mono/unityjit-win32'
Mono config path = 'C:/Program Files/Unity/Hub/Editor/2022.3.55f1/Editor/Data/MonoBleedingEdge/etc'
Using monoOptions --debugger-agent=transport=dt_socket,embedding=1,server=y,suspend=n,address=127.0.0.1:56352
Begin MonoManager ReloadAssembly
Registering precompiled unity dll's ...
Register platform support module: C:/Program Files/Unity/Hub/Editor/2022.3.55f1/Editor/Data/PlaybackEngines/WindowsStandaloneSupport/UnityEditor.WindowsStandalone.Extensions.dll
Registered in 0.014174 seconds.
- Loaded All Assemblies, in  0.427 seconds
Native extension for WindowsStandalone target not found
Mono: successfully reloaded assembly
- Finished resetting the current domain, in  0.290 seconds
Domain Reload Profiling: 715ms
	BeginReloadAssembly (146ms)
		ExecutionOrderSort (0ms)
		DisableScriptedObjects (0ms)
		BackupInstance (0ms)
		ReleaseScriptingObjects (0ms)
		CreateAndSetChildDomain (1ms)
	RebuildCommonClasses (38ms)
	RebuildNativeTypeToScriptingClass (14ms)
	initialDomainReloadingComplete (78ms)
	LoadAllAssembliesAndSetupDomain (149ms)
		LoadAssemblies (142ms)
		RebuildTransferFunctionScriptingTraits (0ms)
		AnalyzeDomain (147ms)
			TypeCache.Refresh (146ms)
				TypeCache.ScanAssembly (132ms)
			ScanForSourceGeneratedMonoScriptInfo (0ms)
			ResolveRequiredComponents (1ms)
	FinalizeReload (290ms)
		ReleaseScriptCaches (0ms)
		RebuildScriptCaches (0ms)
		SetupLoadedEditorAssemblies (241ms)
			LogAssemblyErrors (0ms)
			InitializePlatformSupportModulesInManaged (11ms)
			SetLoadedEditorAssemblies (8ms)
			RefreshPlugins (0ms)
			BeforeProcessingInitializeOnLoad (2ms)
			ProcessInitializeOnLoadAttributes (166ms)
			ProcessInitializeOnLoadMethodAttributes (53ms)
			AfterProcessingInitializeOnLoad (0ms)
			EditorAssembliesLoaded (0ms)
		ExecutionOrderSort2 (0ms)
		AwakeInstancesAfterBackupRestoration (0ms)
========================================================================
Worker process is ready to serve import requests
Caller must complete domain reload
Begin MonoManager ReloadAssembly
- Loaded All Assemblies, in  0.849 seconds
Native extension for WindowsStandalone target not found
Mono: successfully reloaded assembly
- Finished resetting the current domain, in  0.575 seconds
Domain Reload Profiling: 1421ms
	BeginReloadAssembly (179ms)
		ExecutionOrderSort (0ms)
		DisableScriptedObjects (6ms)
		BackupInstance (0ms)
		ReleaseScriptingObjects (0ms)
		CreateAndSetChildDomain (28ms)
	RebuildCommonClasses (36ms)
	RebuildNativeTypeToScriptingClass (11ms)
	initialDomainReloadingComplete (48ms)
	LoadAllAssembliesAndSetupDomain (572ms)
		LoadAssemblies (481ms)
		RebuildTransferFunctionScriptingTraits (0ms)
		AnalyzeDomain (194ms)
			TypeCache.Refresh (165ms)
				TypeCache.ScanAssembly (148ms)
			ScanForSourceGeneratedMonoScriptInfo (20ms)
			ResolveRequiredComponents (6ms)
	FinalizeReload (575ms)
		ReleaseScriptCaches (0ms)
		RebuildScriptCaches (0ms)
		SetupLoadedEditorAssemblies (425ms)
			LogAssemblyErrors (0ms)
			InitializePlatformSupportModulesInManaged (7ms)
			SetLoadedEditorAssemblies (4ms)
			RefreshPlugins (0ms)
			BeforeProcessingInitializeOnLoad (68ms)
			ProcessInitializeOnLoadAttributes (307ms)
			ProcessInitializeOnLoadMethodAttributes (26ms)
			AfterProcessingInitializeOnLoad (12ms)
			EditorAssembliesLoaded (0ms)
		ExecutionOrderSort2 (0ms)
		AwakeInstancesAfterBackupRestoration (11ms)
Launched and connected shader compiler UnityShaderCompiler.exe after 0.10 seconds
Refreshing native plugins compatible for Editor in 5.33 ms, found 3 plugins.
Preloading 0 native plugins for Editor in 0.00 ms.
Unloading 3157 Unused Serialized files (Serialized files now loaded: 0)
Unloading 19 unused Assets / (55.0 KB). Loaded Objects now: 3649.
Memory consumption went from 131.5 MB to 131.4 MB.
Total: 3.431100 ms (FindLiveObjects: 0.493000 ms CreateObjectMapping: 0.112400 ms MarkObjects: 2.686700 ms  DeleteObjects: 0.137500 ms)

AssetImportParameters requested are different than current active one (requested -> active):
  custom:container-demuxer-ogg: 62fdf1f143b41e24485cea50d1cbac27 -> 
  custom:video-decoder-ogg-theora: a1e56fd34408186e4bbccfd4996cb3dc -> 
  custom:framework-win-MediaFoundation: 216162199b28c13a410421893ffa2e32 -> 
  custom:CustomObjectIndexerAttribute: 9a22284fe3817be447336de3de66b15e -> 
  custom:container-demuxer-webm: 4f35f7cbe854078d1ac9338744f61a02 -> 
  custom:container-muxer-webm: aa71ff27fc2769a1b78a27578f13a17b -> 
  custom:video-decoder-webm-vp8: 9c59270c3fd7afecdb556c50c9e8de78 -> 
  custom:SearchIndexIgnoredProperties: e643bd26f0fe6173181afceb89e7c659 -> 
  custom:AudioImporter_EditorPlatform: d09bf68614088b80899f8185d706f6e7 -> 
  custom:video-encoder-webm-vp8: eb34c28f22e8b96e1ab97ce403110664 -> 
  custom:audio-decoder-ogg-vorbis: bf7c407c2cedff20999df2af8eb42d56 -> 
  custom:audio-encoder-webm-vorbis: bf7c407c2cedff20999df2af8eb42d56 -> 
========================================================================
Received Import Request.
  Time since last request: 1540189.438523 seconds.
  path: Assets/ExplosiveLLC/Warrior Pack Bundle 2 FREE/Archer Warrior Mecanim Animation Pack/Characters/Archer-Arrow.FBX
  artifactKey: Guid(a0d6a56298571f1429658686f72d02d7) Importer(815301076,1909f56bfc062723c751e8b465ee728b)
Start importing Assets/ExplosiveLLC/Warrior Pack Bundle 2 FREE/Archer Warrior Mecanim Animation Pack/Characters/Archer-Arrow.FBX using Guid(a0d6a56298571f1429658686f72d02d7) Importer(815301076,1909f56bfc062723c751e8b465ee728b) [PhysX] Initialized MultithreadedTaskDispatcher with 16 workers.
[PhysX] Initialized MultithreadedTaskDispatcher with 16 workers.
[PhysX] Initialized MultithreadedTaskDispatcher with 16 workers.
 -> (artifact id: 'e676da1847c56f617f0a627aaf022240') in 0.143580 seconds
Number of updated asset objects reloaded before import = 0
Number of asset objects unloaded after import = 7
========================================================================
Received Import Request.
  Time since last request: 0.000035 seconds.
  path: Assets/ExplosiveLLC/Warrior Pack Bundle 2 FREE/2 Handed Warrior Mecanim Animation Pack/Characters/2Handed.FBX
  artifactKey: Guid(781a15e490c144941adf6440cf6b6cdd) Importer(815301076,1909f56bfc062723c751e8b465ee728b)
Start importing Assets/ExplosiveLLC/Warrior Pack Bundle 2 FREE/2 Handed Warrior Mecanim Animation Pack/Characters/2Handed.FBX using Guid(781a15e490c144941adf6440cf6b6cdd) Importer(815301076,1909f56bfc062723c751e8b465ee728b) [PhysX] Initialized MultithreadedTaskDispatcher with 16 workers.
[PhysX] Initialized MultithreadedTaskDispatcher with 16 workers.
[PhysX] Initialized MultithreadedTaskDispatcher with 16 workers.
[PhysX] Initialized MultithreadedTaskDispatcher with 16 workers.
[PhysX] Initialized MultithreadedTaskDispatcher with 16 workers.
[PhysX] Initialized MultithreadedTaskDispatcher with 16 workers.
 -> (artifact id: '074b94c745708e06cbbbd774f72f14fa') in 0.097220 seconds
Number of updated asset objects reloaded before import = 0
Number of asset objects unloaded after import = 121
========================================================================
Received Import Request.
  Time since last request: 0.000018 seconds.
  path: Assets/ExplosiveLLC/Warrior Pack Bundle 2 FREE/Archer Warrior Mecanim Animation Pack/Characters/Archer-Bow.FBX
  artifactKey: Guid(c3972562e865e5d4c84dff2ee012a91d) Importer(815301076,1909f56bfc062723c751e8b465ee728b)
Start importing Assets/ExplosiveLLC/Warrior Pack Bundle 2 FREE/Archer Warrior Mecanim Animation Pack/Characters/Archer-Bow.FBX using Guid(c3972562e865e5d4c84dff2ee012a91d) Importer(815301076,1909f56bfc062723c751e8b465ee728b) [PhysX] Initialized MultithreadedTaskDispatcher with 16 workers.
[PhysX] Initialized MultithreadedTaskDispatcher with 16 workers.
[PhysX] Initialized MultithreadedTaskDispatcher with 16 workers.
 -> (artifact id: 'd6e995981625b39c32a6f8adf65f1488') in 0.021008 seconds
Number of updated asset objects reloaded before import = 0
Number of asset objects unloaded after import = 7
========================================================================
Received Import Request.
  Time since last request: 82.218420 seconds.
  path: Assets/ExplosiveLLC/SuperCharacterController/Mesh/Platform.FBX
  artifactKey: Guid(c79ba535414d5e34fa35eb83f2703109) Importer(815301076,1909f56bfc062723c751e8b465ee728b)
Start importing Assets/ExplosiveLLC/SuperCharacterController/Mesh/Platform.FBX using Guid(c79ba535414d5e34fa35eb83f2703109) Importer(815301076,1909f56bfc062723c751e8b465ee728b) [PhysX] Initialized MultithreadedTaskDispatcher with 16 workers.
[PhysX] Initialized MultithreadedTaskDispatcher with 16 workers.
[PhysX] Initialized MultithreadedTaskDispatcher with 16 workers.
 -> (artifact id: '8c535604b74d05874adf02dd4444e5be') in 0.016878 seconds
Number of updated asset objects reloaded before import = 0
Number of asset objects unloaded after import = 7
========================================================================
Received Import Request.
  Time since last request: 0.000019 seconds.
  path: Assets/ExplosiveLLC/SuperCharacterController/Mesh/SphereDemoLevel.FBX
  artifactKey: Guid(85750bab56c880440902826d62d76883) Importer(815301076,1909f56bfc062723c751e8b465ee728b)
Start importing Assets/ExplosiveLLC/SuperCharacterController/Mesh/SphereDemoLevel.FBX using Guid(85750bab56c880440902826d62d76883) Importer(815301076,1909f56bfc062723c751e8b465ee728b) [PhysX] Initialized MultithreadedTaskDispatcher with 16 workers.
[PhysX] Initialized MultithreadedTaskDispatcher with 16 workers.
[PhysX] Initialized MultithreadedTaskDispatcher with 16 workers.
 -> (artifact id: '6a6b2df1b9a7b29f8166f3107aa0d5c5') in 0.017046 seconds
Number of updated asset objects reloaded before import = 0
Number of asset objects unloaded after import = 7
========================================================================
Received Import Request.
  Time since last request: 31.897889 seconds.
  path: Assets/ExplosiveLLC/Warrior Pack Bundle 2 FREE/2 Handed Warrior Mecanim Animation Pack/Materials/2Handed.mat
  artifactKey: Guid(67c6985106584cb489a175f22e14c7bb) Importer(815301076,1909f56bfc062723c751e8b465ee728b)
Start importing Assets/ExplosiveLLC/Warrior Pack Bundle 2 FREE/2 Handed Warrior Mecanim Animation Pack/Materials/2Handed.mat using Guid(67c6985106584cb489a175f22e14c7bb) Importer(815301076,1909f56bfc062723c751e8b465ee728b) [PhysX] Initialized MultithreadedTaskDispatcher with 16 workers.
[PhysX] Initialized MultithreadedTaskDispatcher with 16 workers.
 -> (artifact id: '6b81371c4ee201ccec6fe68ee7e70aca') in 0.027672 seconds
Number of updated asset objects reloaded before import = 0
Number of asset objects unloaded after import = 2
========================================================================
Received Import Request.
  Time since last request: 0.010727 seconds.
  path: Assets/ExplosiveLLC/SuperCharacterController/Materials/GreenWall.mat
  artifactKey: Guid(8b951fc921bcb3341bdbb810abc1bd2c) Importer(815301076,1909f56bfc062723c751e8b465ee728b)
Start importing Assets/ExplosiveLLC/SuperCharacterController/Materials/GreenWall.mat using Guid(8b951fc921bcb3341bdbb810abc1bd2c) Importer(815301076,1909f56bfc062723c751e8b465ee728b) [PhysX] Initialized MultithreadedTaskDispatcher with 16 workers.
[PhysX] Initialized MultithreadedTaskDispatcher with 16 workers.
 -> (artifact id: '06121258071c8438eef6b9d59c27b942') in 0.014341 seconds
Number of updated asset objects reloaded before import = 0
Number of asset objects unloaded after import = 1
========================================================================
Received Import Request.
  Time since last request: 0.001024 seconds.
  path: Assets/ExplosiveLLC/SuperCharacterController/Materials/GreyGridLarger.mat
  artifactKey: Guid(69468c85bc018974e837dec36325882e) Importer(815301076,1909f56bfc062723c751e8b465ee728b)
Start importing Assets/ExplosiveLLC/SuperCharacterController/Materials/GreyGridLarger.mat using Guid(69468c85bc018974e837dec36325882e) Importer(815301076,1909f56bfc062723c751e8b465ee728b) [PhysX] Initialized MultithreadedTaskDispatcher with 16 workers.
[PhysX] Initialized MultithreadedTaskDispatcher with 16 workers.
 -> (artifact id: '0b39bdc9800491f21de35f71d43f5c6b') in 0.033146 seconds
Number of updated asset objects reloaded before import = 0
Number of asset objects unloaded after import = 2
========================================================================
Received Import Request.
  Time since last request: 0.000017 seconds.
  path: Assets/ExplosiveLLC/SuperCharacterController/Materials/LightBlueWall.mat
  artifactKey: Guid(ee4cbf115a0efc44fb045f5084ab3339) Importer(815301076,1909f56bfc062723c751e8b465ee728b)
Start importing Assets/ExplosiveLLC/SuperCharacterController/Materials/LightBlueWall.mat using Guid(ee4cbf115a0efc44fb045f5084ab3339) Importer(815301076,1909f56bfc062723c751e8b465ee728b) [PhysX] Initialized MultithreadedTaskDispatcher with 16 workers.
[PhysX] Initialized MultithreadedTaskDispatcher with 16 workers.
 -> (artifact id: '94bed1f4a27c8290fb9350fc76c3b252') in 0.015311 seconds
Number of updated asset objects reloaded before import = 0
Number of asset objects unloaded after import = 1
========================================================================
Received Import Request.
  Time since last request: 0.000020 seconds.
  path: Assets/ExplosiveLLC/Warrior Pack Bundle 2 FREE/Archer Warrior Mecanim Animation Pack/Characters/Materials/No Name.mat
  artifactKey: Guid(2a916a5e549f12e459eff4f943d9dbe3) Importer(815301076,1909f56bfc062723c751e8b465ee728b)
Start importing Assets/ExplosiveLLC/Warrior Pack Bundle 2 FREE/Archer Warrior Mecanim Animation Pack/Characters/Materials/No Name.mat using Guid(2a916a5e549f12e459eff4f943d9dbe3) Importer(815301076,1909f56bfc062723c751e8b465ee728b) [PhysX] Initialized MultithreadedTaskDispatcher with 16 workers.
[PhysX] Initialized MultithreadedTaskDispatcher with 16 workers.
 -> (artifact id: 'cd6df8c7e6827b979cd9238a9eb9d008') in 0.015254 seconds
Number of updated asset objects reloaded before import = 0
Number of asset objects unloaded after import = 3
========================================================================
Received Import Request.
  Time since last request: 0.000017 seconds.
  path: Assets/ExplosiveLLC/SuperCharacterController/Materials/OrangeWall.mat
  artifactKey: Guid(6271a62f4bbd49641a54f55a64209956) Importer(815301076,1909f56bfc062723c751e8b465ee728b)
Start importing Assets/ExplosiveLLC/SuperCharacterController/Materials/OrangeWall.mat using Guid(6271a62f4bbd49641a54f55a64209956) Importer(815301076,1909f56bfc062723c751e8b465ee728b) [PhysX] Initialized MultithreadedTaskDispatcher with 16 workers.
[PhysX] Initialized MultithreadedTaskDispatcher with 16 workers.
 -> (artifact id: '62c2a7a58aa34fbc7daae2125ebe8b1a') in 0.014352 seconds
Number of updated asset objects reloaded before import = 0
Number of asset objects unloaded after import = 1
========================================================================
Received Import Request.
  Time since last request: 0.000024 seconds.
  path: Assets/ExplosiveLLC/SuperCharacterController/Materials/RedWall.mat
  artifactKey: Guid(20ca368cb1127764081a598c0618bc5c) Importer(815301076,1909f56bfc062723c751e8b465ee728b)
Start importing Assets/ExplosiveLLC/SuperCharacterController/Materials/RedWall.mat using Guid(20ca368cb1127764081a598c0618bc5c) Importer(815301076,1909f56bfc062723c751e8b465ee728b) [PhysX] Initialized MultithreadedTaskDispatcher with 16 workers.
[PhysX] Initialized MultithreadedTaskDispatcher with 16 workers.
 -> (artifact id: 'ed720c6f2992444403c10ee64e51cf8c') in 0.013500 seconds
Number of updated asset objects reloaded before import = 0
Number of asset objects unloaded after import = 1
========================================================================
Received Import Request.
  Time since last request: 0.000019 seconds.
  path: Assets/ExplosiveLLC/SuperCharacterController/Materials/ReflectiveOrange.mat
  artifactKey: Guid(fe50042dadfcbe14b89863b4d8ad9028) Importer(815301076,1909f56bfc062723c751e8b465ee728b)
Start importing Assets/ExplosiveLLC/SuperCharacterController/Materials/ReflectiveOrange.mat using Guid(fe50042dadfcbe14b89863b4d8ad9028) Importer(815301076,1909f56bfc062723c751e8b465ee728b) [PhysX] Initialized MultithreadedTaskDispatcher with 16 workers.
[PhysX] Initialized MultithreadedTaskDispatcher with 16 workers.
 -> (artifact id: 'fa317b2f5c92888221c0ac27151d1eb4') in 0.013439 seconds
Number of updated asset objects reloaded before import = 0
Number of asset objects unloaded after import = 1
========================================================================
Received Import Request.
  Time since last request: 0.000022 seconds.
  path: Assets/ExplosiveLLC/SuperCharacterController/Materials/Shiny.mat
  artifactKey: Guid(0ed2a735a8e55a04fb0d00a4317a2440) Importer(815301076,1909f56bfc062723c751e8b465ee728b)
Start importing Assets/ExplosiveLLC/SuperCharacterController/Materials/Shiny.mat using Guid(0ed2a735a8e55a04fb0d00a4317a2440) Importer(815301076,1909f56bfc062723c751e8b465ee728b) [PhysX] Initialized MultithreadedTaskDispatcher with 16 workers.
[PhysX] Initialized MultithreadedTaskDispatcher with 16 workers.
 -> (artifact id: '6332cc1c62a26df0a5ec69756ec1618e') in 0.011992 seconds
Number of updated asset objects reloaded before import = 0
Number of asset objects unloaded after import = 1
========================================================================
Received Import Request.
  Time since last request: 0.000027 seconds.
  path: Assets/ExplosiveLLC/Demo Elements/Materials/Stage/Stage.mat
  artifactKey: Guid(fd3619eef46537347a3946889f3de92f) Importer(815301076,1909f56bfc062723c751e8b465ee728b)
Start importing Assets/ExplosiveLLC/Demo Elements/Materials/Stage/Stage.mat using Guid(fd3619eef46537347a3946889f3de92f) Importer(815301076,1909f56bfc062723c751e8b465ee728b) [PhysX] Initialized MultithreadedTaskDispatcher with 16 workers.
[PhysX] Initialized MultithreadedTaskDispatcher with 16 workers.
 -> (artifact id: '0301450cf5f1dc5d31d1f60c540f449c') in 0.049960 seconds
Number of updated asset objects reloaded before import = 0
Number of asset objects unloaded after import = 2
========================================================================
Received Import Request.
  Time since last request: 0.000031 seconds.
  path: Assets/ExplosiveLLC/Demo Elements/Materials/Stage/Rock.mat
  artifactKey: Guid(03fce1d65dd15344ea283861fdd1f428) Importer(815301076,1909f56bfc062723c751e8b465ee728b)
Start importing Assets/ExplosiveLLC/Demo Elements/Materials/Stage/Rock.mat using Guid(03fce1d65dd15344ea283861fdd1f428) Importer(815301076,1909f56bfc062723c751e8b465ee728b) [PhysX] Initialized MultithreadedTaskDispatcher with 16 workers.
[PhysX] Initialized MultithreadedTaskDispatcher with 16 workers.
 -> (artifact id: '59d96954f1260401efc941972f49c016') in 0.026444 seconds
Number of updated asset objects reloaded before import = 0
Number of asset objects unloaded after import = 2
========================================================================
Received Import Request.
  Time since last request: 0.000018 seconds.
  path: Assets/ExplosiveLLC/SuperCharacterController/Materials/PurpleWall.mat
  artifactKey: Guid(4d098741d9f56b74e9121e078d1106b4) Importer(815301076,1909f56bfc062723c751e8b465ee728b)
Start importing Assets/ExplosiveLLC/SuperCharacterController/Materials/PurpleWall.mat using Guid(4d098741d9f56b74e9121e078d1106b4) Importer(815301076,1909f56bfc062723c751e8b465ee728b) [PhysX] Initialized MultithreadedTaskDispatcher with 16 workers.
[PhysX] Initialized MultithreadedTaskDispatcher with 16 workers.
 -> (artifact id: 'a4620715ce55c17f3ce6b25d35e0e033') in 0.023338 seconds
Number of updated asset objects reloaded before import = 0
Number of asset objects unloaded after import = 1
Editor requested this worker to shutdown with reason: Scaling down because of idle timeout
TcpMessagingSession - receive error: operation aborted. errorcode: 995, details: The I/O operation has been aborted because of either a thread exit or an application request.
AssetImportWorker is now disconnected from the server
Process exiting
Exiting without the bug reporter. Application will terminate with return code 0